<?xml version="1.0" encoding="UTF-8"?>
<!-- Generated by org.testng.reporters.JUnitXMLReporter -->
<testsuite ignored="0" hostname="Rahul041" failures="1" tests="1" name="Test" time="2.233" errors="0" timestamp="2023-01-24T23:29:01 IST">
  <testcase classname="com.Ecommerce.Test_case.Test_loginData_testcase" name="loginData" time="0.0">
    <failure type="java.lang.RuntimeException" message="java.lang.NullPointerException: Cannot invoke &amp;quot;org.apache.poi.xssf.usermodel.XSSFSheet.getLastRowNum()&amp;quot; because &amp;quot;com.Ecommerce.Utility_data.XLSUtils.XS&amp;quot; is null">
      <![CDATA[java.lang.RuntimeException: java.lang.NullPointerException: Cannot invoke "org.apache.poi.xssf.usermodel.XSSFSheet.getLastRowNum()" because "com.Ecommerce.Utility_data.XLSUtils.XS" is null
at java.base/java.util.ArrayList.forEach(ArrayList.java:1511)
Caused by: java.lang.NullPointerException: Cannot invoke "org.apache.poi.xssf.usermodel.XSSFSheet.getLastRowNum()" because "com.Ecommerce.Utility_data.XLSUtils.XS" is null
at com.Ecommerce.Utility_data.XLSUtils.GetRowCount(XLSUtils.java:28)
at com.Ecommerce.Test_case.Test_loginData_testcase.getData(Test_loginData_testcase.java:68)
... 25 more
... Removed 30 stack frames]]>
    </failure>
  </testcase> <!-- loginData -->
</testsuite> <!-- Test -->
