<?xml version="1.0" encoding="UTF-8"?>
<!-- Generated by org.testng.reporters.JUnitXMLReporter -->
<testsuite ignored="0" hostname="Rahul041" failures="1" tests="1" name="Test(failed)" time="69.51" errors="0" timestamp="2023-01-19T15:22:08 IST">
  <testcase classname="com.Ecommerce.Test_case.Test_loginTestCase" name="LoginTestcase" time="1.208">
    <failure type="java.lang.AssertionError" message="expected [true] but found [false]">
      <![CDATA[java.lang.AssertionError: expected [true] but found [false]
at com.Ecommerce.Test_case.Test_loginTestCase.LoginTestcase(Test_loginTestCase.java:33)
at java.base/java.util.ArrayList.forEach(ArrayList.java:1511)
... Removed 29 stack frames]]>
    </failure>
  </testcase> <!-- LoginTestcase -->
</testsuite> <!-- Test(failed) -->
